[2020-11-28 16:03:21] Error while retrieving ---*Hello*---: Error: unsupported URL: ---*Hello*---
[2020-12-03 12:20:24] Error while retrieving https://www.youtube.com/feeds/videos.xml?channel_id=UC2eYFnH61tmytImy1mTYvhA: Timeout was reached
[2020-12-03 12:20:36] Error while retrieving https://www.youtube.com/feeds/videos.xml?channel_id=UCe0TLA0EsQbE-MjuHXevj2A: Server returned nothing (no headers, no data)
[2020-12-07 07:26:54] Error while retrieving https://www.archlinux.org/feeds/news: Couldn't resolve host name
[2020-12-07 07:26:54] Error while retrieving https://www.youtube.com/feeds/videos.xml?channel_id=UC2eYFnH61tmytImy1mTYvhA: Couldn't resolve host name
[2020-12-07 07:26:54] Error while retrieving https://www.youtube.com/feeds/videos.xml?channel_id=UCe0TLA0EsQbE-MjuHXevj2A: Couldn't resolve host name
[2020-12-07 07:26:54] Error while retrieving https://www.youtube.com/feeds/videos.xml?channel_id=UCLb_x8TboHIoO0F7uYSl4Ww: Couldn't resolve host name
[2020-12-07 07:26:54] Error while retrieving https://www.youtube.com/feeds/videos.xml?channel_id=UC7mbY_PCZdwK5oo3yVBdR0A: Couldn't resolve host name
[2020-12-07 07:26:54] Error while retrieving https://www.youtube.com/feeds/videos.xml?channel_id=UCYk9lpGD4h7brb33QLNBThA: Couldn't resolve host name
[2020-12-07 07:57:16] Error while retrieving https://www.archlinux.org/feeds/news: Couldn't resolve host name
[2020-12-07 07:57:16] Error while retrieving https://www.youtube.com/feeds/videos.xml?channel_id=UC2eYFnH61tmytImy1mTYvhA: Couldn't resolve host name
[2020-12-07 07:57:16] Error while retrieving https://www.youtube.com/feeds/videos.xml?channel_id=UCe0TLA0EsQbE-MjuHXevj2A: Couldn't resolve host name
[2020-12-07 07:57:16] Error while retrieving https://www.youtube.com/feeds/videos.xml?channel_id=UCLb_x8TboHIoO0F7uYSl4Ww: Couldn't resolve host name
[2020-12-07 07:57:16] Error while retrieving https://www.youtube.com/feeds/videos.xml?channel_id=UC7mbY_PCZdwK5oo3yVBdR0A: Couldn't resolve host name
[2020-12-07 07:57:16] Error while retrieving https://www.youtube.com/feeds/videos.xml?channel_id=UCYk9lpGD4h7brb33QLNBThA: Couldn't resolve host name
[2020-12-08 07:51:30] Error while retrieving https://www.archlinux.org/feeds/news: Couldn't resolve host name
[2020-12-08 07:51:30] Error while retrieving https://www.youtube.com/feeds/videos.xml?channel_id=UC2eYFnH61tmytImy1mTYvhA: Couldn't resolve host name
[2020-12-08 07:51:30] Error while retrieving https://www.youtube.com/feeds/videos.xml?channel_id=UCe0TLA0EsQbE-MjuHXevj2A: Couldn't resolve host name
[2020-12-08 07:51:30] Error while retrieving https://www.youtube.com/feeds/videos.xml?channel_id=UCLb_x8TboHIoO0F7uYSl4Ww: Couldn't resolve host name
[2020-12-08 07:51:30] Error while retrieving https://www.youtube.com/feeds/videos.xml?channel_id=UC7mbY_PCZdwK5oo3yVBdR0A: Couldn't resolve host name
[2020-12-08 07:51:30] Error while retrieving https://www.youtube.com/feeds/videos.xml?channel_id=UCYk9lpGD4h7brb33QLNBThA: Couldn't resolve host name
[2020-12-08 08:43:52] Error while retrieving https://www.archlinux.org/feeds/news: Couldn't resolve host name
[2020-12-08 08:43:52] Error while retrieving https://www.youtube.com/feeds/videos.xml?channel_id=UC2eYFnH61tmytImy1mTYvhA: Couldn't resolve host name
[2020-12-08 08:43:52] Error while retrieving https://www.youtube.com/feeds/videos.xml?channel_id=UCe0TLA0EsQbE-MjuHXevj2A: Couldn't resolve host name
[2020-12-08 08:43:52] Error while retrieving https://www.youtube.com/feeds/videos.xml?channel_id=UCLb_x8TboHIoO0F7uYSl4Ww: Couldn't resolve host name
[2020-12-08 08:43:52] Error while retrieving https://www.youtube.com/feeds/videos.xml?channel_id=UC7mbY_PCZdwK5oo3yVBdR0A: Couldn't resolve host name
[2020-12-08 08:43:52] Error while retrieving https://www.youtube.com/feeds/videos.xml?channel_id=UCYk9lpGD4h7brb33QLNBThA: Couldn't resolve host name
[2020-12-08 09:14:52] Error while retrieving https://www.archlinux.org/feeds/news: Couldn't resolve host name
[2020-12-08 09:14:52] Error while retrieving https://www.youtube.com/feeds/videos.xml?channel_id=UC2eYFnH61tmytImy1mTYvhA: Couldn't resolve host name
[2020-12-08 09:14:52] Error while retrieving https://www.youtube.com/feeds/videos.xml?channel_id=UCe0TLA0EsQbE-MjuHXevj2A: Couldn't resolve host name
[2020-12-08 09:14:52] Error while retrieving https://www.youtube.com/feeds/videos.xml?channel_id=UCLb_x8TboHIoO0F7uYSl4Ww: Couldn't resolve host name
[2020-12-08 09:14:52] Error while retrieving https://www.youtube.com/feeds/videos.xml?channel_id=UC7mbY_PCZdwK5oo3yVBdR0A: Couldn't resolve host name
[2020-12-08 09:14:52] Error while retrieving https://www.youtube.com/feeds/videos.xml?channel_id=UCYk9lpGD4h7brb33QLNBThA: Couldn't resolve host name
[2020-12-08 09:45:52] Error while retrieving https://www.archlinux.org/feeds/news: Couldn't resolve host name
[2020-12-08 09:45:52] Error while retrieving https://www.youtube.com/feeds/videos.xml?channel_id=UC2eYFnH61tmytImy1mTYvhA: Couldn't resolve host name
[2020-12-08 09:45:52] Error while retrieving https://www.youtube.com/feeds/videos.xml?channel_id=UCe0TLA0EsQbE-MjuHXevj2A: Couldn't resolve host name
[2020-12-08 09:45:52] Error while retrieving https://www.youtube.com/feeds/videos.xml?channel_id=UCLb_x8TboHIoO0F7uYSl4Ww: Couldn't resolve host name
[2020-12-08 09:45:52] Error while retrieving https://www.youtube.com/feeds/videos.xml?channel_id=UC7mbY_PCZdwK5oo3yVBdR0A: Couldn't resolve host name
[2020-12-08 09:45:52] Error while retrieving https://www.youtube.com/feeds/videos.xml?channel_id=UCYk9lpGD4h7brb33QLNBThA: Couldn't resolve host name
[2020-12-08 20:52:22] Error while retrieving https://www.archlinux.org/feeds/news: Couldn't resolve host name
[2020-12-08 20:52:22] Error while retrieving https://www.youtube.com/feeds/videos.xml?channel_id=UC2eYFnH61tmytImy1mTYvhA: Couldn't resolve host name
[2020-12-08 20:52:22] Error while retrieving https://www.youtube.com/feeds/videos.xml?channel_id=UCe0TLA0EsQbE-MjuHXevj2A: Couldn't resolve host name
[2020-12-08 20:52:22] Error while retrieving https://www.youtube.com/feeds/videos.xml?channel_id=UCLb_x8TboHIoO0F7uYSl4Ww: Couldn't resolve host name
[2020-12-08 20:52:22] Error while retrieving https://www.youtube.com/feeds/videos.xml?channel_id=UC7mbY_PCZdwK5oo3yVBdR0A: Couldn't resolve host name
[2020-12-08 20:52:22] Error while retrieving https://www.youtube.com/feeds/videos.xml?channel_id=UCYk9lpGD4h7brb33QLNBThA: Couldn't resolve host name
[2020-12-09 08:50:03] Error while retrieving https://www.archlinux.org/feeds/news: Couldn't resolve host name
[2020-12-09 08:50:03] Error while retrieving https://www.youtube.com/feeds/videos.xml?channel_id=UC2eYFnH61tmytImy1mTYvhA: Couldn't resolve host name
[2020-12-09 08:50:03] Error while retrieving https://www.youtube.com/feeds/videos.xml?channel_id=UCe0TLA0EsQbE-MjuHXevj2A: Couldn't resolve host name
[2020-12-09 08:50:04] Error while retrieving https://www.youtube.com/feeds/videos.xml?channel_id=UCLb_x8TboHIoO0F7uYSl4Ww: Couldn't resolve host name
[2020-12-09 08:50:04] Error while retrieving https://www.youtube.com/feeds/videos.xml?channel_id=UC7mbY_PCZdwK5oo3yVBdR0A: Couldn't resolve host name
[2020-12-09 08:50:04] Error while retrieving https://www.youtube.com/feeds/videos.xml?channel_id=UCYk9lpGD4h7brb33QLNBThA: Couldn't resolve host name
[2020-12-09 09:21:02] Error while retrieving https://www.archlinux.org/feeds/news: Timeout was reached
[2020-12-09 09:21:02] Error while retrieving https://www.youtube.com/feeds/videos.xml?channel_id=UC2eYFnH61tmytImy1mTYvhA: Couldn't resolve host name
[2020-12-09 09:21:02] Error while retrieving https://www.youtube.com/feeds/videos.xml?channel_id=UCe0TLA0EsQbE-MjuHXevj2A: Couldn't resolve host name
[2020-12-09 09:21:02] Error while retrieving https://www.youtube.com/feeds/videos.xml?channel_id=UCLb_x8TboHIoO0F7uYSl4Ww: Couldn't resolve host name
[2020-12-09 09:21:02] Error while retrieving https://www.youtube.com/feeds/videos.xml?channel_id=UC7mbY_PCZdwK5oo3yVBdR0A: Couldn't resolve host name
[2020-12-09 09:21:02] Error while retrieving https://www.youtube.com/feeds/videos.xml?channel_id=UCYk9lpGD4h7brb33QLNBThA: Couldn't resolve host name
[2020-12-09 09:40:01] Error while retrieving https://www.archlinux.org/feeds/news: Couldn't resolve host name
[2020-12-09 09:40:01] Error while retrieving https://www.youtube.com/feeds/videos.xml?channel_id=UC2eYFnH61tmytImy1mTYvhA: Couldn't resolve host name
[2020-12-09 09:40:01] Error while retrieving https://www.youtube.com/feeds/videos.xml?channel_id=UCe0TLA0EsQbE-MjuHXevj2A: Couldn't resolve host name
[2020-12-09 09:40:01] Error while retrieving https://www.youtube.com/feeds/videos.xml?channel_id=UCLb_x8TboHIoO0F7uYSl4Ww: Couldn't resolve host name
[2020-12-09 09:40:01] Error while retrieving https://www.youtube.com/feeds/videos.xml?channel_id=UC7mbY_PCZdwK5oo3yVBdR0A: Couldn't resolve host name
[2020-12-09 09:40:01] Error while retrieving https://www.youtube.com/feeds/videos.xml?channel_id=UCYk9lpGD4h7brb33QLNBThA: Couldn't resolve host name
[2020-12-09 09:40:48] Error while retrieving https://www.archlinux.org/feeds/news: Couldn't resolve host name
[2020-12-09 09:40:48] Error while retrieving https://www.youtube.com/feeds/videos.xml?channel_id=UC2eYFnH61tmytImy1mTYvhA: Couldn't resolve host name
[2020-12-09 09:40:48] Error while retrieving https://www.youtube.com/feeds/videos.xml?channel_id=UCe0TLA0EsQbE-MjuHXevj2A: Couldn't resolve host name
[2020-12-09 09:40:48] Error while retrieving https://www.youtube.com/feeds/videos.xml?channel_id=UCLb_x8TboHIoO0F7uYSl4Ww: Couldn't resolve host name
[2020-12-09 09:40:48] Error while retrieving https://www.youtube.com/feeds/videos.xml?channel_id=UC7mbY_PCZdwK5oo3yVBdR0A: Couldn't resolve host name
[2020-12-09 09:40:48] Error while retrieving https://www.youtube.com/feeds/videos.xml?channel_id=UCYk9lpGD4h7brb33QLNBThA: Couldn't resolve host name
[2020-12-09 09:52:56] Error while retrieving https://www.archlinux.org/feeds/news: Couldn't resolve host name
[2020-12-09 09:52:56] Error while retrieving https://www.youtube.com/feeds/videos.xml?channel_id=UC2eYFnH61tmytImy1mTYvhA: Couldn't resolve host name
[2020-12-09 09:52:56] Error while retrieving https://www.youtube.com/feeds/videos.xml?channel_id=UCe0TLA0EsQbE-MjuHXevj2A: Couldn't resolve host name
[2020-12-09 09:52:56] Error while retrieving https://www.youtube.com/feeds/videos.xml?channel_id=UCLb_x8TboHIoO0F7uYSl4Ww: Couldn't resolve host name
[2020-12-09 09:52:56] Error while retrieving https://www.youtube.com/feeds/videos.xml?channel_id=UC7mbY_PCZdwK5oo3yVBdR0A: Couldn't resolve host name
[2020-12-09 09:52:56] Error while retrieving https://www.youtube.com/feeds/videos.xml?channel_id=UCYk9lpGD4h7brb33QLNBThA: Couldn't resolve host name
[2020-12-09 10:44:48] Error while retrieving https://www.archlinux.org/feeds/news: Couldn't resolve host name
[2020-12-09 10:44:48] Error while retrieving https://www.youtube.com/feeds/videos.xml?channel_id=UC2eYFnH61tmytImy1mTYvhA: Couldn't resolve host name
[2020-12-09 10:44:48] Error while retrieving https://www.youtube.com/feeds/videos.xml?channel_id=UCe0TLA0EsQbE-MjuHXevj2A: Couldn't resolve host name
[2020-12-09 10:44:48] Error while retrieving https://www.youtube.com/feeds/videos.xml?channel_id=UCLb_x8TboHIoO0F7uYSl4Ww: Couldn't resolve host name
[2020-12-09 10:44:48] Error while retrieving https://www.youtube.com/feeds/videos.xml?channel_id=UC7mbY_PCZdwK5oo3yVBdR0A: Couldn't resolve host name
[2020-12-09 10:44:48] Error while retrieving https://www.youtube.com/feeds/videos.xml?channel_id=UCYk9lpGD4h7brb33QLNBThA: Couldn't resolve host name
[2020-12-13 11:35:19] Error while retrieving https://www.archlinux.org/feeds/news: Couldn't resolve host name
[2020-12-13 11:35:19] Error while retrieving https://www.youtube.com/feeds/videos.xml?channel_id=UC2eYFnH61tmytImy1mTYvhA: Couldn't resolve host name
[2020-12-13 11:35:19] Error while retrieving https://www.youtube.com/feeds/videos.xml?channel_id=UC7mbY_PCZdwK5oo3yVBdR0A: Couldn't resolve host name
[2020-12-13 11:35:19] Error while retrieving https://www.youtube.com/feeds/videos.xml?channel_id=UCYk9lpGD4h7brb33QLNBThA: Couldn't resolve host name
[2020-12-15 08:04:25] Error while retrieving https://www.archlinux.org/feeds/news: Couldn't resolve host name
[2020-12-15 08:04:25] Error while retrieving https://www.youtube.com/feeds/videos.xml?channel_id=UC2eYFnH61tmytImy1mTYvhA: Couldn't resolve host name
[2020-12-15 08:04:25] Error while retrieving https://www.youtube.com/feeds/videos.xml?channel_id=UC7mbY_PCZdwK5oo3yVBdR0A: Couldn't resolve host name
[2020-12-15 08:04:25] Error while retrieving https://www.youtube.com/feeds/videos.xml?channel_id=UCYk9lpGD4h7brb33QLNBThA: Couldn't resolve host name
[2020-12-15 08:35:25] Error while retrieving https://www.archlinux.org/feeds/news: Couldn't resolve host name
[2020-12-15 08:35:25] Error while retrieving https://www.youtube.com/feeds/videos.xml?channel_id=UC2eYFnH61tmytImy1mTYvhA: Couldn't resolve host name
[2020-12-15 08:35:25] Error while retrieving https://www.youtube.com/feeds/videos.xml?channel_id=UC7mbY_PCZdwK5oo3yVBdR0A: Couldn't resolve host name
[2020-12-15 08:35:25] Error while retrieving https://www.youtube.com/feeds/videos.xml?channel_id=UCYk9lpGD4h7brb33QLNBThA: Couldn't resolve host name
[2020-12-15 09:30:36] Error while retrieving https://www.archlinux.org/feeds/news: Couldn't resolve host name
[2020-12-15 09:30:36] Error while retrieving https://www.youtube.com/feeds/videos.xml?channel_id=UC2eYFnH61tmytImy1mTYvhA: Couldn't resolve host name
[2020-12-15 09:30:36] Error while retrieving https://www.youtube.com/feeds/videos.xml?channel_id=UC7mbY_PCZdwK5oo3yVBdR0A: Couldn't resolve host name
[2020-12-15 09:30:36] Error while retrieving https://www.youtube.com/feeds/videos.xml?channel_id=UCYk9lpGD4h7brb33QLNBThA: Couldn't resolve host name
[2020-12-15 18:08:29] Error while retrieving https://www.archlinux.org/feeds/news: Couldn't resolve host name
[2020-12-15 18:08:29] Error while retrieving https://www.youtube.com/feeds/videos.xml?channel_id=UC2eYFnH61tmytImy1mTYvhA: Couldn't resolve host name
[2020-12-15 18:08:29] Error while retrieving https://www.youtube.com/feeds/videos.xml?channel_id=UC7mbY_PCZdwK5oo3yVBdR0A: Couldn't resolve host name
[2020-12-15 18:08:29] Error while retrieving https://www.youtube.com/feeds/videos.xml?channel_id=UCYk9lpGD4h7brb33QLNBThA: Couldn't resolve host name
[2020-12-17 08:28:29] Error while retrieving https://www.archlinux.org/feeds/news: HTTP response code said error 503
[2020-12-17 08:59:29] Error while retrieving https://www.archlinux.org/feeds/news: HTTP response code said error 503
[2020-12-17 09:57:54] Error while retrieving https://www.archlinux.org/feeds/news: HTTP response code said error 503
[2020-12-17 10:28:53] Error while retrieving https://www.archlinux.org/feeds/news: HTTP response code said error 503
[2020-12-17 20:43:50] Error while retrieving https://www.archlinux.org/feeds/news: Couldn't resolve host name
[2020-12-17 20:43:50] Error while retrieving https://www.youtube.com/feeds/videos.xml?channel_id=UC2eYFnH61tmytImy1mTYvhA: Couldn't resolve host name
[2020-12-17 20:43:50] Error while retrieving https://www.youtube.com/feeds/videos.xml?channel_id=UC7mbY_PCZdwK5oo3yVBdR0A: Couldn't resolve host name
[2020-12-17 20:43:50] Error while retrieving https://www.youtube.com/feeds/videos.xml?channel_id=UCYk9lpGD4h7brb33QLNBThA: Couldn't resolve host name
[2020-12-19 14:43:48] Error while retrieving https://www.archlinux.org/feeds/news: Couldn't resolve host name
[2020-12-19 14:43:48] Error while retrieving https://www.youtube.com/feeds/videos.xml?channel_id=UC2eYFnH61tmytImy1mTYvhA: Couldn't resolve host name
[2020-12-19 14:43:48] Error while retrieving https://www.youtube.com/feeds/videos.xml?channel_id=UC7mbY_PCZdwK5oo3yVBdR0A: Couldn't resolve host name
[2020-12-19 14:43:48] Error while retrieving https://www.youtube.com/feeds/videos.xml?channel_id=UCYk9lpGD4h7brb33QLNBThA: Couldn't resolve host name
[2020-12-19 15:14:48] Error while retrieving https://www.archlinux.org/feeds/news: Couldn't resolve host name
[2020-12-19 15:14:48] Error while retrieving https://www.youtube.com/feeds/videos.xml?channel_id=UC2eYFnH61tmytImy1mTYvhA: Couldn't resolve host name
[2020-12-19 15:14:48] Error while retrieving https://www.youtube.com/feeds/videos.xml?channel_id=UC7mbY_PCZdwK5oo3yVBdR0A: Couldn't resolve host name
[2020-12-19 15:14:48] Error while retrieving https://www.youtube.com/feeds/videos.xml?channel_id=UCYk9lpGD4h7brb33QLNBThA: Couldn't resolve host name
[2020-12-19 15:45:48] Error while retrieving https://www.archlinux.org/feeds/news: Couldn't resolve host name
[2020-12-19 15:45:48] Error while retrieving https://www.youtube.com/feeds/videos.xml?channel_id=UC2eYFnH61tmytImy1mTYvhA: Couldn't resolve host name
[2020-12-19 15:45:48] Error while retrieving https://www.youtube.com/feeds/videos.xml?channel_id=UC7mbY_PCZdwK5oo3yVBdR0A: Couldn't resolve host name
[2020-12-19 15:45:48] Error while retrieving https://www.youtube.com/feeds/videos.xml?channel_id=UCYk9lpGD4h7brb33QLNBThA: Couldn't resolve host name
[2020-12-19 18:02:08] Error while retrieving https://www.archlinux.org/feeds/news: Couldn't resolve host name
[2020-12-19 18:02:08] Error while retrieving https://www.youtube.com/feeds/videos.xml?channel_id=UC2eYFnH61tmytImy1mTYvhA: Couldn't resolve host name
[2020-12-19 18:02:08] Error while retrieving https://www.youtube.com/feeds/videos.xml?channel_id=UC7mbY_PCZdwK5oo3yVBdR0A: Couldn't resolve host name
[2020-12-19 18:02:08] Error while retrieving https://www.youtube.com/feeds/videos.xml?channel_id=UCYk9lpGD4h7brb33QLNBThA: Couldn't resolve host name
[2020-12-20 15:47:48] Error while retrieving https://www.archlinux.org/feeds/news: Couldn't resolve host name
[2020-12-20 15:47:48] Error while retrieving https://www.youtube.com/feeds/videos.xml?channel_id=UC2eYFnH61tmytImy1mTYvhA: Couldn't resolve host name
[2020-12-20 15:47:48] Error while retrieving https://www.youtube.com/feeds/videos.xml?channel_id=UC7mbY_PCZdwK5oo3yVBdR0A: Couldn't resolve host name
[2020-12-20 15:47:48] Error while retrieving https://www.youtube.com/feeds/videos.xml?channel_id=UCYk9lpGD4h7brb33QLNBThA: Couldn't resolve host name
[2020-12-21 09:56:54] Error while retrieving https://www.archlinux.org/feeds/news: Couldn't resolve host name
[2020-12-21 09:56:54] Error while retrieving https://www.youtube.com/feeds/videos.xml?channel_id=UC2eYFnH61tmytImy1mTYvhA: Couldn't resolve host name
[2020-12-21 09:56:54] Error while retrieving https://www.youtube.com/feeds/videos.xml?channel_id=UC7mbY_PCZdwK5oo3yVBdR0A: Couldn't resolve host name
[2020-12-21 09:56:54] Error while retrieving https://www.youtube.com/feeds/videos.xml?channel_id=UCYk9lpGD4h7brb33QLNBThA: Couldn't resolve host name
[2020-12-21 15:54:20] Error while retrieving https://www.archlinux.org/feeds/news: Timeout was reached
[2020-12-21 16:44:36] Error while retrieving https://www.archlinux.org/feeds/news: Couldn't resolve host name
[2020-12-21 16:44:36] Error while retrieving https://www.youtube.com/feeds/videos.xml?channel_id=UC2eYFnH61tmytImy1mTYvhA: Couldn't resolve host name
[2020-12-21 16:44:36] Error while retrieving https://www.youtube.com/feeds/videos.xml?channel_id=UC7mbY_PCZdwK5oo3yVBdR0A: Couldn't resolve host name
[2020-12-21 16:44:36] Error while retrieving https://www.youtube.com/feeds/videos.xml?channel_id=UCYk9lpGD4h7brb33QLNBThA: Couldn't resolve host name
[2020-12-22 08:13:46] Error while retrieving https://www.archlinux.org/feeds/news: Couldn't resolve host name
[2020-12-22 08:13:46] Error while retrieving https://www.youtube.com/feeds/videos.xml?channel_id=UC2eYFnH61tmytImy1mTYvhA: Couldn't resolve host name
[2020-12-22 08:13:46] Error while retrieving https://www.youtube.com/feeds/videos.xml?channel_id=UC7mbY_PCZdwK5oo3yVBdR0A: Couldn't resolve host name
[2020-12-22 08:13:46] Error while retrieving https://www.youtube.com/feeds/videos.xml?channel_id=UCYk9lpGD4h7brb33QLNBThA: Couldn't resolve host name
[2020-12-22 15:00:35] Error while retrieving https://www.archlinux.org/feeds/news: Timeout was reached
[2020-12-22 16:39:01] Error while retrieving https://www.archlinux.org/feeds/news: Couldn't resolve host name
[2020-12-22 16:39:01] Error while retrieving https://www.youtube.com/feeds/videos.xml?channel_id=UC2eYFnH61tmytImy1mTYvhA: Couldn't resolve host name
[2020-12-22 16:39:01] Error while retrieving https://www.youtube.com/feeds/videos.xml?channel_id=UC7mbY_PCZdwK5oo3yVBdR0A: Couldn't resolve host name
[2020-12-22 16:39:01] Error while retrieving https://www.youtube.com/feeds/videos.xml?channel_id=UCYk9lpGD4h7brb33QLNBThA: Couldn't resolve host name
[2020-12-22 18:44:27] Error while retrieving https://www.archlinux.org/feeds/news: Couldn't resolve host name
[2020-12-22 18:44:27] Error while retrieving https://www.youtube.com/feeds/videos.xml?channel_id=UC2eYFnH61tmytImy1mTYvhA: Couldn't resolve host name
[2020-12-22 18:44:27] Error while retrieving https://www.youtube.com/feeds/videos.xml?channel_id=UC7mbY_PCZdwK5oo3yVBdR0A: Couldn't resolve host name
[2020-12-22 18:44:27] Error while retrieving https://www.youtube.com/feeds/videos.xml?channel_id=UCYk9lpGD4h7brb33QLNBThA: Couldn't resolve host name
[2020-12-22 18:44:36] Error while retrieving https://www.archlinux.org/feeds/news: Couldn't resolve host name
[2020-12-22 18:44:36] Error while retrieving https://www.youtube.com/feeds/videos.xml?channel_id=UC2eYFnH61tmytImy1mTYvhA: Couldn't resolve host name
[2020-12-22 18:44:36] Error while retrieving https://www.youtube.com/feeds/videos.xml?channel_id=UC7mbY_PCZdwK5oo3yVBdR0A: Couldn't resolve host name
[2020-12-22 18:44:36] Error while retrieving https://www.youtube.com/feeds/videos.xml?channel_id=UCYk9lpGD4h7brb33QLNBThA: Couldn't resolve host name
[2020-12-22 18:44:45] Error while retrieving https://www.archlinux.org/feeds/news: Couldn't resolve host name
[2020-12-22 18:44:45] Error while retrieving https://www.youtube.com/feeds/videos.xml?channel_id=UC2eYFnH61tmytImy1mTYvhA: Couldn't resolve host name
[2020-12-22 18:44:45] Error while retrieving https://www.youtube.com/feeds/videos.xml?channel_id=UC7mbY_PCZdwK5oo3yVBdR0A: Couldn't resolve host name
[2020-12-22 18:44:45] Error while retrieving https://www.youtube.com/feeds/videos.xml?channel_id=UCYk9lpGD4h7brb33QLNBThA: Couldn't resolve host name
[2020-12-22 18:46:06] Error while retrieving https://www.archlinux.org/feeds/news: Couldn't resolve host name
[2020-12-22 18:46:11] Error while retrieving https://www.youtube.com/feeds/videos.xml?channel_id=UC2eYFnH61tmytImy1mTYvhA: Couldn't resolve host name
[2020-12-22 18:46:11] Error while retrieving https://www.youtube.com/feeds/videos.xml?channel_id=UC7mbY_PCZdwK5oo3yVBdR0A: Couldn't resolve host name
[2020-12-22 18:46:11] Error while retrieving https://www.youtube.com/feeds/videos.xml?channel_id=UCYk9lpGD4h7brb33QLNBThA: Couldn't resolve host name
[2020-12-22 19:18:58] Error while retrieving https://www.archlinux.org/feeds/news: Couldn't resolve host name
[2020-12-22 19:18:58] Error while retrieving https://www.youtube.com/feeds/videos.xml?channel_id=UC2eYFnH61tmytImy1mTYvhA: Couldn't resolve host name
[2020-12-22 19:18:58] Error while retrieving https://www.youtube.com/feeds/videos.xml?channel_id=UC7mbY_PCZdwK5oo3yVBdR0A: Couldn't resolve host name
[2020-12-22 19:18:58] Error while retrieving https://www.youtube.com/feeds/videos.xml?channel_id=UCYk9lpGD4h7brb33QLNBThA: Couldn't resolve host name
[2020-12-23 13:53:55] Error while retrieving https://www.archlinux.org/feeds/news: Couldn't resolve host name
[2020-12-23 13:53:55] Error while retrieving https://www.youtube.com/feeds/videos.xml?channel_id=UC2eYFnH61tmytImy1mTYvhA: Couldn't resolve host name
[2020-12-23 13:53:55] Error while retrieving https://www.youtube.com/feeds/videos.xml?channel_id=UC7mbY_PCZdwK5oo3yVBdR0A: Couldn't resolve host name
[2020-12-23 13:53:55] Error while retrieving https://www.youtube.com/feeds/videos.xml?channel_id=UCYk9lpGD4h7brb33QLNBThA: Couldn't resolve host name
[2020-12-23 14:24:28] Error while retrieving https://www.archlinux.org/feeds/news: Couldn't resolve host name
[2020-12-23 14:24:28] Error while retrieving https://www.youtube.com/feeds/videos.xml?channel_id=UC2eYFnH61tmytImy1mTYvhA: Couldn't resolve host name
[2020-12-23 14:24:28] Error while retrieving https://www.youtube.com/feeds/videos.xml?channel_id=UC7mbY_PCZdwK5oo3yVBdR0A: Couldn't resolve host name
[2020-12-23 14:24:28] Error while retrieving https://www.youtube.com/feeds/videos.xml?channel_id=UCYk9lpGD4h7brb33QLNBThA: Couldn't resolve host name
[2020-12-23 14:55:28] Error while retrieving https://www.archlinux.org/feeds/news: Couldn't resolve host name
[2020-12-23 14:55:28] Error while retrieving https://www.youtube.com/feeds/videos.xml?channel_id=UC2eYFnH61tmytImy1mTYvhA: Couldn't resolve host name
[2020-12-23 14:55:28] Error while retrieving https://www.youtube.com/feeds/videos.xml?channel_id=UC7mbY_PCZdwK5oo3yVBdR0A: Couldn't resolve host name
[2020-12-23 14:55:28] Error while retrieving https://www.youtube.com/feeds/videos.xml?channel_id=UCYk9lpGD4h7brb33QLNBThA: Couldn't resolve host name
[2020-12-23 15:36:46] Error while retrieving https://www.archlinux.org/feeds/news: Couldn't resolve host name
[2020-12-23 15:36:46] Error while retrieving https://www.youtube.com/feeds/videos.xml?channel_id=UC2eYFnH61tmytImy1mTYvhA: Couldn't resolve host name
[2020-12-23 15:36:46] Error while retrieving https://www.youtube.com/feeds/videos.xml?channel_id=UC7mbY_PCZdwK5oo3yVBdR0A: Couldn't resolve host name
[2020-12-23 15:36:46] Error while retrieving https://www.youtube.com/feeds/videos.xml?channel_id=UCYk9lpGD4h7brb33QLNBThA: Couldn't resolve host name
[2020-12-23 16:07:46] Error while retrieving https://www.archlinux.org/feeds/news: Couldn't resolve host name
[2020-12-23 16:07:46] Error while retrieving https://www.youtube.com/feeds/videos.xml?channel_id=UC2eYFnH61tmytImy1mTYvhA: Couldn't resolve host name
[2020-12-23 16:07:46] Error while retrieving https://www.youtube.com/feeds/videos.xml?channel_id=UC7mbY_PCZdwK5oo3yVBdR0A: Couldn't resolve host name
[2020-12-23 16:07:46] Error while retrieving https://www.youtube.com/feeds/videos.xml?channel_id=UCYk9lpGD4h7brb33QLNBThA: Couldn't resolve host name
[2020-12-23 16:49:15] Error while retrieving https://www.archlinux.org/feeds/news: Couldn't resolve host name
[2020-12-23 16:49:15] Error while retrieving https://www.youtube.com/feeds/videos.xml?channel_id=UC2eYFnH61tmytImy1mTYvhA: Couldn't resolve host name
[2020-12-23 16:49:15] Error while retrieving https://www.youtube.com/feeds/videos.xml?channel_id=UC7mbY_PCZdwK5oo3yVBdR0A: Couldn't resolve host name
[2020-12-23 16:49:15] Error while retrieving https://www.youtube.com/feeds/videos.xml?channel_id=UCYk9lpGD4h7brb33QLNBThA: Couldn't resolve host name
[2020-12-23 18:26:14] Error while retrieving https://www.archlinux.org/feeds/news: Couldn't resolve host name
[2020-12-23 18:26:14] Error while retrieving https://www.youtube.com/feeds/videos.xml?channel_id=UC2eYFnH61tmytImy1mTYvhA: Couldn't resolve host name
[2020-12-23 18:26:14] Error while retrieving https://www.youtube.com/feeds/videos.xml?channel_id=UC7mbY_PCZdwK5oo3yVBdR0A: Couldn't resolve host name
[2020-12-23 18:26:14] Error while retrieving https://www.youtube.com/feeds/videos.xml?channel_id=UCYk9lpGD4h7brb33QLNBThA: Couldn't resolve host name
[2020-12-24 08:21:36] Error while retrieving https://www.archlinux.org/feeds/news: Couldn't resolve host name
[2020-12-24 08:21:36] Error while retrieving https://www.youtube.com/feeds/videos.xml?channel_id=UC2eYFnH61tmytImy1mTYvhA: Couldn't resolve host name
[2020-12-24 08:21:36] Error while retrieving https://www.youtube.com/feeds/videos.xml?channel_id=UC7mbY_PCZdwK5oo3yVBdR0A: Couldn't resolve host name
[2020-12-24 08:21:36] Error while retrieving https://www.youtube.com/feeds/videos.xml?channel_id=UCYk9lpGD4h7brb33QLNBThA: Couldn't resolve host name
[2020-12-24 11:02:11] Error while retrieving https://www.archlinux.org/feeds/news: Couldn't resolve host name
[2020-12-24 11:02:11] Error while retrieving https://www.youtube.com/feeds/videos.xml?channel_id=UC2eYFnH61tmytImy1mTYvhA: Couldn't resolve host name
[2020-12-24 11:02:11] Error while retrieving https://www.youtube.com/feeds/videos.xml?channel_id=UC7mbY_PCZdwK5oo3yVBdR0A: Couldn't resolve host name
[2020-12-24 11:02:11] Error while retrieving https://www.youtube.com/feeds/videos.xml?channel_id=UCYk9lpGD4h7brb33QLNBThA: Couldn't resolve host name
[2020-12-24 11:33:11] Error while retrieving https://www.archlinux.org/feeds/news: Couldn't resolve host name
[2020-12-24 11:33:11] Error while retrieving https://www.youtube.com/feeds/videos.xml?channel_id=UC2eYFnH61tmytImy1mTYvhA: Couldn't resolve host name
[2020-12-24 11:33:11] Error while retrieving https://www.youtube.com/feeds/videos.xml?channel_id=UC7mbY_PCZdwK5oo3yVBdR0A: Couldn't resolve host name
[2020-12-24 11:33:11] Error while retrieving https://www.youtube.com/feeds/videos.xml?channel_id=UCYk9lpGD4h7brb33QLNBThA: Couldn't resolve host name
[2020-12-24 12:04:11] Error while retrieving https://www.archlinux.org/feeds/news: Couldn't resolve host name
[2020-12-24 12:04:11] Error while retrieving https://www.youtube.com/feeds/videos.xml?channel_id=UC2eYFnH61tmytImy1mTYvhA: Couldn't resolve host name
[2020-12-24 12:04:11] Error while retrieving https://www.youtube.com/feeds/videos.xml?channel_id=UC7mbY_PCZdwK5oo3yVBdR0A: Couldn't resolve host name
[2020-12-24 12:04:11] Error while retrieving https://www.youtube.com/feeds/videos.xml?channel_id=UCYk9lpGD4h7brb33QLNBThA: Couldn't resolve host name
[2020-12-24 12:35:11] Error while retrieving https://www.archlinux.org/feeds/news: Couldn't resolve host name
[2020-12-24 12:35:11] Error while retrieving https://www.youtube.com/feeds/videos.xml?channel_id=UC2eYFnH61tmytImy1mTYvhA: Couldn't resolve host name
[2020-12-24 12:35:11] Error while retrieving https://www.youtube.com/feeds/videos.xml?channel_id=UC7mbY_PCZdwK5oo3yVBdR0A: Couldn't resolve host name
[2020-12-24 12:35:11] Error while retrieving https://www.youtube.com/feeds/videos.xml?channel_id=UCYk9lpGD4h7brb33QLNBThA: Couldn't resolve host name
[2020-12-24 13:06:11] Error while retrieving https://www.archlinux.org/feeds/news: Couldn't resolve host name
[2020-12-24 13:06:11] Error while retrieving https://www.youtube.com/feeds/videos.xml?channel_id=UC2eYFnH61tmytImy1mTYvhA: Couldn't resolve host name
[2020-12-24 13:06:11] Error while retrieving https://www.youtube.com/feeds/videos.xml?channel_id=UC7mbY_PCZdwK5oo3yVBdR0A: Couldn't resolve host name
[2020-12-24 13:06:11] Error while retrieving https://www.youtube.com/feeds/videos.xml?channel_id=UCYk9lpGD4h7brb33QLNBThA: Couldn't resolve host name
[2020-12-24 16:52:13] Error while retrieving https://www.archlinux.org/feeds/news: Couldn't resolve host name
[2020-12-24 16:52:13] Error while retrieving https://www.youtube.com/feeds/videos.xml?channel_id=UC2eYFnH61tmytImy1mTYvhA: Couldn't resolve host name
[2020-12-24 16:52:13] Error while retrieving https://www.youtube.com/feeds/videos.xml?channel_id=UC7mbY_PCZdwK5oo3yVBdR0A: Couldn't resolve host name
[2020-12-24 16:52:13] Error while retrieving https://www.youtube.com/feeds/videos.xml?channel_id=UCYk9lpGD4h7brb33QLNBThA: Couldn't resolve host name
[2020-12-24 17:55:44] Error while retrieving https://www.archlinux.org/feeds/news: Couldn't resolve host name
[2020-12-24 17:55:44] Error while retrieving https://www.youtube.com/feeds/videos.xml?channel_id=UC2eYFnH61tmytImy1mTYvhA: Couldn't resolve host name
[2020-12-24 17:55:44] Error while retrieving https://www.youtube.com/feeds/videos.xml?channel_id=UC7mbY_PCZdwK5oo3yVBdR0A: Couldn't resolve host name
[2020-12-24 17:55:44] Error while retrieving https://www.youtube.com/feeds/videos.xml?channel_id=UCYk9lpGD4h7brb33QLNBThA: Couldn't resolve host name
[2020-12-25 08:10:49] Error while retrieving https://www.archlinux.org/feeds/news: Couldn't resolve host name
[2020-12-25 08:10:49] Error while retrieving https://www.youtube.com/feeds/videos.xml?channel_id=UC2eYFnH61tmytImy1mTYvhA: Couldn't resolve host name
[2020-12-25 08:10:49] Error while retrieving https://www.youtube.com/feeds/videos.xml?channel_id=UC7mbY_PCZdwK5oo3yVBdR0A: Couldn't resolve host name
[2020-12-25 08:10:49] Error while retrieving https://www.youtube.com/feeds/videos.xml?channel_id=UCYk9lpGD4h7brb33QLNBThA: Couldn't resolve host name
[2020-12-25 08:41:49] Error while retrieving https://www.archlinux.org/feeds/news: Couldn't resolve host name
[2020-12-25 08:41:49] Error while retrieving https://www.youtube.com/feeds/videos.xml?channel_id=UC2eYFnH61tmytImy1mTYvhA: Couldn't resolve host name
[2020-12-25 08:41:49] Error while retrieving https://www.youtube.com/feeds/videos.xml?channel_id=UC7mbY_PCZdwK5oo3yVBdR0A: Couldn't resolve host name
[2020-12-25 08:41:49] Error while retrieving https://www.youtube.com/feeds/videos.xml?channel_id=UCYk9lpGD4h7brb33QLNBThA: Couldn't resolve host name
[2020-12-25 15:48:17] Error while retrieving https://www.archlinux.org/feeds/news: Couldn't resolve host name
[2020-12-25 15:48:17] Error while retrieving https://www.youtube.com/feeds/videos.xml?channel_id=UC2eYFnH61tmytImy1mTYvhA: Couldn't resolve host name
[2020-12-25 15:48:17] Error while retrieving https://www.youtube.com/feeds/videos.xml?channel_id=UC7mbY_PCZdwK5oo3yVBdR0A: Couldn't resolve host name
[2020-12-25 15:48:17] Error while retrieving https://www.youtube.com/feeds/videos.xml?channel_id=UCYk9lpGD4h7brb33QLNBThA: Couldn't resolve host name
[2020-12-25 16:19:17] Error while retrieving https://www.archlinux.org/feeds/news: Couldn't resolve host name
[2020-12-25 16:19:17] Error while retrieving https://www.youtube.com/feeds/videos.xml?channel_id=UC2eYFnH61tmytImy1mTYvhA: Couldn't resolve host name
[2020-12-25 16:19:17] Error while retrieving https://www.youtube.com/feeds/videos.xml?channel_id=UC7mbY_PCZdwK5oo3yVBdR0A: Couldn't resolve host name
[2020-12-25 16:19:17] Error while retrieving https://www.youtube.com/feeds/videos.xml?channel_id=UCYk9lpGD4h7brb33QLNBThA: Couldn't resolve host name
[2020-12-25 16:50:17] Error while retrieving https://www.archlinux.org/feeds/news: Couldn't resolve host name
[2020-12-25 16:50:17] Error while retrieving https://www.youtube.com/feeds/videos.xml?channel_id=UC2eYFnH61tmytImy1mTYvhA: Couldn't resolve host name
[2020-12-25 16:50:17] Error while retrieving https://www.youtube.com/feeds/videos.xml?channel_id=UC7mbY_PCZdwK5oo3yVBdR0A: Couldn't resolve host name
[2020-12-25 16:50:17] Error while retrieving https://www.youtube.com/feeds/videos.xml?channel_id=UCYk9lpGD4h7brb33QLNBThA: Couldn't resolve host name
[2020-12-25 17:59:16] Error while retrieving https://www.archlinux.org/feeds/news: Couldn't resolve host name
[2020-12-25 17:59:16] Error while retrieving https://www.youtube.com/feeds/videos.xml?channel_id=UC2eYFnH61tmytImy1mTYvhA: Couldn't resolve host name
[2020-12-25 17:59:16] Error while retrieving https://www.youtube.com/feeds/videos.xml?channel_id=UC7mbY_PCZdwK5oo3yVBdR0A: Couldn't resolve host name
[2020-12-25 17:59:16] Error while retrieving https://www.youtube.com/feeds/videos.xml?channel_id=UCYk9lpGD4h7brb33QLNBThA: Couldn't resolve host name
[2020-12-25 18:29:29] Error while retrieving https://www.archlinux.org/feeds/news: Couldn't resolve host name
[2020-12-25 18:29:29] Error while retrieving https://www.youtube.com/feeds/videos.xml?channel_id=UC2eYFnH61tmytImy1mTYvhA: Couldn't resolve host name
[2020-12-25 18:29:29] Error while retrieving https://www.youtube.com/feeds/videos.xml?channel_id=UC7mbY_PCZdwK5oo3yVBdR0A: Couldn't resolve host name
[2020-12-25 18:29:29] Error while retrieving https://www.youtube.com/feeds/videos.xml?channel_id=UCYk9lpGD4h7brb33QLNBThA: Couldn't resolve host name
[2020-12-25 19:00:15] Error while retrieving https://www.archlinux.org/feeds/news: Couldn't resolve host name
[2020-12-25 19:00:15] Error while retrieving https://www.youtube.com/feeds/videos.xml?channel_id=UC2eYFnH61tmytImy1mTYvhA: Couldn't resolve host name
[2020-12-25 19:00:15] Error while retrieving https://www.youtube.com/feeds/videos.xml?channel_id=UC7mbY_PCZdwK5oo3yVBdR0A: Couldn't resolve host name
[2020-12-25 19:00:15] Error while retrieving https://www.youtube.com/feeds/videos.xml?channel_id=UCYk9lpGD4h7brb33QLNBThA: Couldn't resolve host name
[2020-12-25 21:42:46] Error while retrieving https://www.archlinux.org/feeds/news: Couldn't resolve host name
[2020-12-25 21:42:46] Error while retrieving https://www.youtube.com/feeds/videos.xml?channel_id=UC2eYFnH61tmytImy1mTYvhA: Couldn't resolve host name
[2020-12-25 21:42:46] Error while retrieving https://www.youtube.com/feeds/videos.xml?channel_id=UC7mbY_PCZdwK5oo3yVBdR0A: Couldn't resolve host name
[2020-12-25 21:42:46] Error while retrieving https://www.youtube.com/feeds/videos.xml?channel_id=UCYk9lpGD4h7brb33QLNBThA: Couldn't resolve host name
[2020-12-25 22:12:49] Error while retrieving https://www.archlinux.org/feeds/news: Couldn't resolve host name
[2020-12-25 22:12:49] Error while retrieving https://www.youtube.com/feeds/videos.xml?channel_id=UC2eYFnH61tmytImy1mTYvhA: Couldn't resolve host name
[2020-12-25 22:12:49] Error while retrieving https://www.youtube.com/feeds/videos.xml?channel_id=UC7mbY_PCZdwK5oo3yVBdR0A: Couldn't resolve host name
[2020-12-25 22:12:49] Error while retrieving https://www.youtube.com/feeds/videos.xml?channel_id=UCYk9lpGD4h7brb33QLNBThA: Couldn't resolve host name
[2020-12-26 09:47:50] Error while retrieving https://www.archlinux.org/feeds/news: Couldn't resolve host name
[2020-12-26 09:47:50] Error while retrieving https://www.youtube.com/feeds/videos.xml?channel_id=UC2eYFnH61tmytImy1mTYvhA: Couldn't resolve host name
[2020-12-26 09:47:50] Error while retrieving https://www.youtube.com/feeds/videos.xml?channel_id=UC7mbY_PCZdwK5oo3yVBdR0A: Couldn't resolve host name
[2020-12-26 09:47:50] Error while retrieving https://www.youtube.com/feeds/videos.xml?channel_id=UCYk9lpGD4h7brb33QLNBThA: Couldn't resolve host name
[2020-12-26 10:18:50] Error while retrieving https://www.archlinux.org/feeds/news: Couldn't resolve host name
[2020-12-26 10:18:50] Error while retrieving https://www.youtube.com/feeds/videos.xml?channel_id=UC2eYFnH61tmytImy1mTYvhA: Couldn't resolve host name
[2020-12-26 10:18:50] Error while retrieving https://www.youtube.com/feeds/videos.xml?channel_id=UC7mbY_PCZdwK5oo3yVBdR0A: Couldn't resolve host name
[2020-12-26 10:18:50] Error while retrieving https://www.youtube.com/feeds/videos.xml?channel_id=UCYk9lpGD4h7brb33QLNBThA: Couldn't resolve host name
[2020-12-26 20:56:12] Error while retrieving https://www.archlinux.org/feeds/news: Couldn't resolve host name
[2020-12-26 20:56:12] Error while retrieving https://www.youtube.com/feeds/videos.xml?channel_id=UC2eYFnH61tmytImy1mTYvhA: Couldn't resolve host name
[2020-12-26 20:56:12] Error while retrieving https://www.youtube.com/feeds/videos.xml?channel_id=UC7mbY_PCZdwK5oo3yVBdR0A: Couldn't resolve host name
[2020-12-26 20:56:12] Error while retrieving https://www.youtube.com/feeds/videos.xml?channel_id=UCYk9lpGD4h7brb33QLNBThA: Couldn't resolve host name
[2020-12-26 21:26:17] Error while retrieving https://www.archlinux.org/feeds/news: Couldn't resolve host name
[2020-12-26 21:26:17] Error while retrieving https://www.youtube.com/feeds/videos.xml?channel_id=UC2eYFnH61tmytImy1mTYvhA: Couldn't resolve host name
[2020-12-26 21:26:17] Error while retrieving https://www.youtube.com/feeds/videos.xml?channel_id=UC7mbY_PCZdwK5oo3yVBdR0A: Couldn't resolve host name
[2020-12-26 21:26:17] Error while retrieving https://www.youtube.com/feeds/videos.xml?channel_id=UCYk9lpGD4h7brb33QLNBThA: Couldn't resolve host name
[2020-12-27 11:18:34] Error while retrieving https://www.archlinux.org/feeds/news: Couldn't resolve host name
[2020-12-27 11:18:34] Error while retrieving https://www.youtube.com/feeds/videos.xml?channel_id=UC2eYFnH61tmytImy1mTYvhA: Couldn't resolve host name
[2020-12-27 11:18:34] Error while retrieving https://www.youtube.com/feeds/videos.xml?channel_id=UC7mbY_PCZdwK5oo3yVBdR0A: Couldn't resolve host name
[2020-12-27 11:18:34] Error while retrieving https://www.youtube.com/feeds/videos.xml?channel_id=UCYk9lpGD4h7brb33QLNBThA: Couldn't resolve host name
[2020-12-27 11:48:43] Error while retrieving https://www.archlinux.org/feeds/news: Couldn't resolve host name
[2020-12-27 11:48:43] Error while retrieving https://www.youtube.com/feeds/videos.xml?channel_id=UC2eYFnH61tmytImy1mTYvhA: Couldn't resolve host name
[2020-12-27 11:48:43] Error while retrieving https://www.youtube.com/feeds/videos.xml?channel_id=UC7mbY_PCZdwK5oo3yVBdR0A: Couldn't resolve host name
[2020-12-27 11:48:43] Error while retrieving https://www.youtube.com/feeds/videos.xml?channel_id=UCYk9lpGD4h7brb33QLNBThA: Couldn't resolve host name
[2020-12-27 12:42:33] Error while retrieving https://www.archlinux.org/feeds/news: Couldn't resolve host name
[2020-12-27 12:42:33] Error while retrieving https://www.youtube.com/feeds/videos.xml?channel_id=UC2eYFnH61tmytImy1mTYvhA: Couldn't resolve host name
[2020-12-27 12:42:33] Error while retrieving https://www.youtube.com/feeds/videos.xml?channel_id=UC7mbY_PCZdwK5oo3yVBdR0A: Couldn't resolve host name
[2020-12-27 12:42:33] Error while retrieving https://www.youtube.com/feeds/videos.xml?channel_id=UCYk9lpGD4h7brb33QLNBThA: Couldn't resolve host name
[2020-12-27 13:12:55] Error while retrieving https://www.archlinux.org/feeds/news: Couldn't resolve host name
[2020-12-27 13:12:55] Error while retrieving https://www.youtube.com/feeds/videos.xml?channel_id=UC2eYFnH61tmytImy1mTYvhA: Couldn't resolve host name
[2020-12-27 13:12:55] Error while retrieving https://www.youtube.com/feeds/videos.xml?channel_id=UC7mbY_PCZdwK5oo3yVBdR0A: Couldn't resolve host name
[2020-12-27 13:12:55] Error while retrieving https://www.youtube.com/feeds/videos.xml?channel_id=UCYk9lpGD4h7brb33QLNBThA: Couldn't resolve host name
[2020-12-27 17:15:03] Error while retrieving https://www.archlinux.org/feeds/news: Couldn't resolve host name
[2020-12-27 17:15:03] Error while retrieving https://www.youtube.com/feeds/videos.xml?channel_id=UC2eYFnH61tmytImy1mTYvhA: Couldn't resolve host name
[2020-12-27 17:15:03] Error while retrieving https://www.youtube.com/feeds/videos.xml?channel_id=UC7mbY_PCZdwK5oo3yVBdR0A: Couldn't resolve host name
[2020-12-27 17:15:03] Error while retrieving https://www.youtube.com/feeds/videos.xml?channel_id=UCYk9lpGD4h7brb33QLNBThA: Couldn't resolve host name
[2020-12-28 09:38:23] Error while retrieving https://www.archlinux.org/feeds/news: Couldn't resolve host name
[2020-12-28 09:38:23] Error while retrieving https://www.youtube.com/feeds/videos.xml?channel_id=UC2eYFnH61tmytImy1mTYvhA: Couldn't resolve host name
[2020-12-28 09:38:23] Error while retrieving https://www.youtube.com/feeds/videos.xml?channel_id=UC7mbY_PCZdwK5oo3yVBdR0A: Couldn't resolve host name
[2020-12-28 09:38:23] Error while retrieving https://www.youtube.com/feeds/videos.xml?channel_id=UCYk9lpGD4h7brb33QLNBThA: Couldn't resolve host name
[2020-12-28 09:43:25] Error while retrieving https://www.archlinux.org/feeds/news: Couldn't resolve host name
[2020-12-28 09:43:25] Error while retrieving https://www.youtube.com/feeds/videos.xml?channel_id=UC2eYFnH61tmytImy1mTYvhA: Couldn't resolve host name
[2020-12-28 09:43:25] Error while retrieving https://www.youtube.com/feeds/videos.xml?channel_id=UC7mbY_PCZdwK5oo3yVBdR0A: Couldn't resolve host name
[2020-12-28 09:43:25] Error while retrieving https://www.youtube.com/feeds/videos.xml?channel_id=UCYk9lpGD4h7brb33QLNBThA: Couldn't resolve host name
[2020-12-28 11:31:37] Error while retrieving https://www.archlinux.org/feeds/news: Couldn't resolve host name
[2020-12-28 11:31:37] Error while retrieving https://www.youtube.com/feeds/videos.xml?channel_id=UC2eYFnH61tmytImy1mTYvhA: Couldn't resolve host name
[2020-12-28 11:31:37] Error while retrieving https://www.youtube.com/feeds/videos.xml?channel_id=UC7mbY_PCZdwK5oo3yVBdR0A: Couldn't resolve host name
[2020-12-28 11:31:37] Error while retrieving https://www.youtube.com/feeds/videos.xml?channel_id=UCYk9lpGD4h7brb33QLNBThA: Couldn't resolve host name
[2020-12-28 11:54:46] Error while retrieving https://www.archlinux.org/feeds/news: Couldn't resolve host name
[2020-12-28 11:54:46] Error while retrieving https://www.youtube.com/feeds/videos.xml?channel_id=UC2eYFnH61tmytImy1mTYvhA: Couldn't resolve host name
[2020-12-28 11:54:46] Error while retrieving https://www.youtube.com/feeds/videos.xml?channel_id=UC7mbY_PCZdwK5oo3yVBdR0A: Couldn't resolve host name
[2020-12-28 11:54:46] Error while retrieving https://www.youtube.com/feeds/videos.xml?channel_id=UCYk9lpGD4h7brb33QLNBThA: Couldn't resolve host name
[2021-01-02 20:23:53] Error while retrieving https://www.archlinux.org/feeds/news: Couldn't resolve host name
[2021-01-02 20:23:53] Error while retrieving https://www.youtube.com/feeds/videos.xml?channel_id=UC2eYFnH61tmytImy1mTYvhA: Couldn't resolve host name
[2021-01-02 20:23:53] Error while retrieving https://www.youtube.com/feeds/videos.xml?channel_id=UC7mbY_PCZdwK5oo3yVBdR0A: Couldn't resolve host name
[2021-01-02 20:23:53] Error while retrieving https://www.youtube.com/feeds/videos.xml?channel_id=UCYk9lpGD4h7brb33QLNBThA: Couldn't resolve host name
[2021-01-13 12:42:59] Error while retrieving https://www.archlinux.org/feeds/news: Couldn't resolve host name
[2021-01-13 12:42:59] Error while retrieving https://www.youtube.com/feeds/videos.xml?channel_id=UC2eYFnH61tmytImy1mTYvhA: Couldn't resolve host name
[2021-01-13 12:42:59] Error while retrieving https://www.youtube.com/feeds/videos.xml?channel_id=UC7mbY_PCZdwK5oo3yVBdR0A: Couldn't resolve host name
[2021-01-13 12:42:59] Error while retrieving https://www.youtube.com/feeds/videos.xml?channel_id=UCYk9lpGD4h7brb33QLNBThA: Couldn't resolve host name
[2021-01-22 19:48:26] Error while retrieving https://github.com/viviaaan/binconv/commits/main.atom: Timeout was reached
[2021-01-22 19:50:45] Error while retrieving https://github.com/viviaaan/binconv/commits/main.atom: Timeout was reached
